  [1m[35m (170.1ms)[0m  [1m[35mCREATE DATABASE "cats99_project_development" ENCODING = 'unicode'[0m
  ↳ bin/rails:9
  [1m[35m (40.4ms)[0m  [1m[35mCREATE DATABASE "cats99_project_test" ENCODING = 'unicode'[0m
  ↳ bin/rails:9
  [1m[35m (10.5ms)[0m  [1m[35mCREATE TABLE "schema_migrations" ("version" character varying NOT NULL PRIMARY KEY)[0m
  ↳ bin/rails:9
  [1m[35m (2.1ms)[0m  [1m[35mCREATE TABLE "ar_internal_metadata" ("key" character varying NOT NULL PRIMARY KEY, "value" character varying, "created_at" timestamp NOT NULL, "updated_at" timestamp NOT NULL)[0m
  ↳ bin/rails:9
  [1m[35m (5.7ms)[0m  [1m[34mSELECT pg_try_advisory_lock(5110217912192318625)[0m
  ↳ bin/rails:9
  [1m[35m (1.5ms)[0m  [1m[34mSELECT "schema_migrations"."version" FROM "schema_migrations" ORDER BY "schema_migrations"."version" ASC[0m
  ↳ bin/rails:9
Migrating to CreateCats (20210205183453)
  [1m[35m (0.2ms)[0m  [1m[35mBEGIN[0m
  ↳ bin/rails:9
  [1m[35m (12.0ms)[0m  [1m[35mCREATE TABLE "cats" ("id" bigserial primary key, "birth_date" date NOT NULL, "color" character varying NOT NULL, "name" character varying NOT NULL, "sex" character varying(1) NOT NULL, "description" text NOT NULL, "created_at" timestamp NOT NULL, "updated_at" timestamp NOT NULL)[0m
  ↳ db/migrate/20210205183453_create_cats.rb:3
  [1m[36mActiveRecord::SchemaMigration Create (0.5ms)[0m  [1m[32mINSERT INTO "schema_migrations" ("version") VALUES ($1) RETURNING "version"[0m  [["version", "20210205183453"]]
  ↳ bin/rails:9
  [1m[35m (0.3ms)[0m  [1m[35mCOMMIT[0m
  ↳ bin/rails:9
  [1m[36mActiveRecord::InternalMetadata Load (0.8ms)[0m  [1m[34mSELECT  "ar_internal_metadata".* FROM "ar_internal_metadata" WHERE "ar_internal_metadata"."key" = $1 LIMIT $2[0m  [["key", "environment"], ["LIMIT", 1]]
  ↳ bin/rails:9
  [1m[35m (0.1ms)[0m  [1m[35mBEGIN[0m
  ↳ bin/rails:9
  [1m[36mActiveRecord::InternalMetadata Create (1.1ms)[0m  [1m[32mINSERT INTO "ar_internal_metadata" ("key", "value", "created_at", "updated_at") VALUES ($1, $2, $3, $4) RETURNING "key"[0m  [["key", "environment"], ["value", "development"], ["created_at", "2021-02-05 18:37:50.944218"], ["updated_at", "2021-02-05 18:37:50.944218"]]
  ↳ bin/rails:9
  [1m[35m (0.3ms)[0m  [1m[35mCOMMIT[0m
  ↳ bin/rails:9
  [1m[35m (0.3ms)[0m  [1m[34mSELECT pg_advisory_unlock(5110217912192318625)[0m
  ↳ bin/rails:9
  [1m[35m (3.4ms)[0m  [1m[34mSELECT "schema_migrations"."version" FROM "schema_migrations" ORDER BY "schema_migrations"."version" ASC[0m
  ↳ bin/rails:9
Started GET "/" for ::1 at 2021-02-05 13:59:19 -0500
  [1m[35m (1.5ms)[0m  [1m[34mSELECT "schema_migrations"."version" FROM "schema_migrations" ORDER BY "schema_migrations"."version" ASC[0m
  ↳ /Users/lakhteagha/.rbenv/versions/2.5.1/lib/ruby/gems/2.5.0/gems/activerecord-5.2.4.4/lib/active_record/log_subscriber.rb:98
Processing by Rails::WelcomeController#index as */*
  Rendering /Users/lakhteagha/.rbenv/versions/2.5.1/lib/ruby/gems/2.5.0/gems/railties-5.2.4.4/lib/rails/templates/rails/welcome/index.html.erb
  Rendered /Users/lakhteagha/.rbenv/versions/2.5.1/lib/ruby/gems/2.5.0/gems/railties-5.2.4.4/lib/rails/templates/rails/welcome/index.html.erb (2.0ms)
Completed 200 OK in 57ms (Views: 28.0ms | ActiveRecord: 0.0ms)


Started GET "/cats" for ::1 at 2021-02-05 13:59:29 -0500
Processing by CatsController#index as */*
Completed 500 Internal Server Error in 2ms (ActiveRecord: 0.0ms)



NameError - uninitialized constant CatsController::Cats:
  app/controllers/cats_controller.rb:3:in `index'

Started GET "/cats" for ::1 at 2021-02-05 13:59:47 -0500
Processing by CatsController#index as */*
Completed 500 Internal Server Error in 6ms (ActiveRecord: 0.0ms)



ArgumentError - Unknown validator: 'MessageValidator':
  app/models/cat.rb:6:in `<class:Cat>'
  app/models/cat.rb:2:in `<top (required)>'
  app/controllers/cats_controller.rb:3:in `index'

Started GET "/cats" for ::1 at 2021-02-05 14:01:09 -0500
Processing by CatsController#index as */*
Completed 500 Internal Server Error in 45ms (ActiveRecord: 0.0ms)



ActionView::MissingTemplate - Missing template cats/index, application/index with {:locale=>[:en], :formats=>[:html, :text, :js, :css, :ics, :csv, :vcf, :vtt, :png, :jpeg, :gif, :bmp, :tiff, :svg, :mpeg, :mp3, :ogg, :m4a, :webm, :mp4, :otf, :ttf, :woff, :woff2, :xml, :rss, :atom, :yaml, :multipart_form, :url_encoded_form, :json, :pdf, :zip, :gzip], :variants=>[], :handlers=>[:raw, :erb, :html, :builder, :ruby, :coffee, :jbuilder]}. Searched in:
  * "/Users/lakhteagha/Desktop/AAClasswork/W6D5/cats99_project/app/views":
  app/controllers/cats_controller.rb:4:in `index'

Started GET "/" for ::1 at 2021-02-05 14:02:01 -0500
Processing by Rails::WelcomeController#index as HTML
  Rendering /Users/lakhteagha/.rbenv/versions/2.5.1/lib/ruby/gems/2.5.0/gems/railties-5.2.4.4/lib/rails/templates/rails/welcome/index.html.erb
  Rendered /Users/lakhteagha/.rbenv/versions/2.5.1/lib/ruby/gems/2.5.0/gems/railties-5.2.4.4/lib/rails/templates/rails/welcome/index.html.erb (3.6ms)
Completed 200 OK in 18ms (Views: 9.6ms | ActiveRecord: 0.0ms)


Started GET "/" for ::1 at 2021-02-05 14:02:03 -0500
Processing by Rails::WelcomeController#index as HTML
  Rendering /Users/lakhteagha/.rbenv/versions/2.5.1/lib/ruby/gems/2.5.0/gems/railties-5.2.4.4/lib/rails/templates/rails/welcome/index.html.erb
  Rendered /Users/lakhteagha/.rbenv/versions/2.5.1/lib/ruby/gems/2.5.0/gems/railties-5.2.4.4/lib/rails/templates/rails/welcome/index.html.erb (3.5ms)
Completed 200 OK in 14ms (Views: 8.7ms | ActiveRecord: 0.0ms)


Started GET "/" for ::1 at 2021-02-05 14:02:06 -0500
Processing by Rails::WelcomeController#index as HTML
  Rendering /Users/lakhteagha/.rbenv/versions/2.5.1/lib/ruby/gems/2.5.0/gems/railties-5.2.4.4/lib/rails/templates/rails/welcome/index.html.erb
  Rendered /Users/lakhteagha/.rbenv/versions/2.5.1/lib/ruby/gems/2.5.0/gems/railties-5.2.4.4/lib/rails/templates/rails/welcome/index.html.erb (3.3ms)
Completed 200 OK in 12ms (Views: 7.8ms | ActiveRecord: 0.0ms)


Started GET "/index" for ::1 at 2021-02-05 14:02:15 -0500
  
ActionController::RoutingError (No route matches [GET] "/index"):
  
actionpack (5.2.4.4) lib/action_dispatch/middleware/debug_exceptions.rb:65:in `call'
web-console (3.7.0) lib/web_console/middleware.rb:135:in `call_app'
web-console (3.7.0) lib/web_console/middleware.rb:30:in `block in call'
web-console (3.7.0) lib/web_console/middleware.rb:20:in `catch'
web-console (3.7.0) lib/web_console/middleware.rb:20:in `call'
actionpack (5.2.4.4) lib/action_dispatch/middleware/show_exceptions.rb:33:in `call'
railties (5.2.4.4) lib/rails/rack/logger.rb:38:in `call_app'
railties (5.2.4.4) lib/rails/rack/logger.rb:26:in `block in call'
activesupport (5.2.4.4) lib/active_support/tagged_logging.rb:71:in `block in tagged'
activesupport (5.2.4.4) lib/active_support/tagged_logging.rb:28:in `tagged'
activesupport (5.2.4.4) lib/active_support/tagged_logging.rb:71:in `tagged'
railties (5.2.4.4) lib/rails/rack/logger.rb:26:in `call'
sprockets-rails (3.2.2) lib/sprockets/rails/quiet_assets.rb:13:in `call'
actionpack (5.2.4.4) lib/action_dispatch/middleware/remote_ip.rb:81:in `call'
actionpack (5.2.4.4) lib/action_dispatch/middleware/request_id.rb:27:in `call'
rack (2.2.3) lib/rack/method_override.rb:24:in `call'
rack (2.2.3) lib/rack/runtime.rb:22:in `call'
activesupport (5.2.4.4) lib/active_support/cache/strategy/local_cache_middleware.rb:29:in `call'
actionpack (5.2.4.4) lib/action_dispatch/middleware/executor.rb:14:in `call'
actionpack (5.2.4.4) lib/action_dispatch/middleware/static.rb:127:in `call'
rack (2.2.3) lib/rack/sendfile.rb:110:in `call'
railties (5.2.4.4) lib/rails/engine.rb:524:in `call'
puma (3.12.6) lib/puma/configuration.rb:227:in `call'
puma (3.12.6) lib/puma/server.rb:706:in `handle_request'
puma (3.12.6) lib/puma/server.rb:476:in `process_client'
puma (3.12.6) lib/puma/server.rb:334:in `block in run'
puma (3.12.6) lib/puma/thread_pool.rb:135:in `block in spawn_thread'
Started GET "/" for ::1 at 2021-02-05 14:02:23 -0500
Processing by Rails::WelcomeController#index as HTML
  Rendering /Users/lakhteagha/.rbenv/versions/2.5.1/lib/ruby/gems/2.5.0/gems/railties-5.2.4.4/lib/rails/templates/rails/welcome/index.html.erb
  Rendered /Users/lakhteagha/.rbenv/versions/2.5.1/lib/ruby/gems/2.5.0/gems/railties-5.2.4.4/lib/rails/templates/rails/welcome/index.html.erb (2.7ms)
Completed 200 OK in 10ms (Views: 6.0ms | ActiveRecord: 0.0ms)


Started GET "/cats" for ::1 at 2021-02-05 14:02:41 -0500
Processing by CatsController#index as HTML
Completed 500 Internal Server Error in 5ms (ActiveRecord: 0.0ms)



ActionView::MissingTemplate - Missing template cats/index, application/index with {:locale=>[:en], :formats=>[:html], :variants=>[], :handlers=>[:raw, :erb, :html, :builder, :ruby, :coffee, :jbuilder]}. Searched in:
  * "/Users/lakhteagha/Desktop/AAClasswork/W6D5/cats99_project/app/views":
  app/controllers/cats_controller.rb:4:in `index'

Started POST "/__better_errors/6127953f9bdc556e/variables" for ::1 at 2021-02-05 14:02:41 -0500
  [1m[36mCat Load (3.8ms)[0m  [1m[34mSELECT  "cats".* FROM "cats" LIMIT $1[0m  [["LIMIT", 11]]
  ↳ /Users/lakhteagha/.rbenv/versions/2.5.1/lib/ruby/gems/2.5.0/gems/activerecord-5.2.4.4/lib/active_record/log_subscriber.rb:98
Started GET "/cats" for ::1 at 2021-02-05 14:03:46 -0500
Processing by CatsController#index as HTML
Completed 500 Internal Server Error in 5ms (ActiveRecord: 0.0ms)



ActionView::MissingTemplate - Missing template cats/index, application/index with {:locale=>[:en], :formats=>[:html], :variants=>[], :handlers=>[:raw, :erb, :html, :builder, :ruby, :coffee, :jbuilder]}. Searched in:
  * "/Users/lakhteagha/Desktop/AAClasswork/W6D5/cats99_project/app/views":
  app/controllers/cats_controller.rb:4:in `index'

Started POST "/__better_errors/e02017e9f9561e38/variables" for ::1 at 2021-02-05 14:03:46 -0500
  [1m[36mCat Load (0.4ms)[0m  [1m[34mSELECT  "cats".* FROM "cats" LIMIT $1[0m  [["LIMIT", 11]]
  ↳ /Users/lakhteagha/.rbenv/versions/2.5.1/lib/ruby/gems/2.5.0/gems/activerecord-5.2.4.4/lib/active_record/log_subscriber.rb:98
Started GET "/cats" for ::1 at 2021-02-05 14:03:47 -0500
Processing by CatsController#index as HTML
Completed 500 Internal Server Error in 4ms (ActiveRecord: 0.0ms)



ActionView::MissingTemplate - Missing template cats/index, application/index with {:locale=>[:en], :formats=>[:html], :variants=>[], :handlers=>[:raw, :erb, :html, :builder, :ruby, :coffee, :jbuilder]}. Searched in:
  * "/Users/lakhteagha/Desktop/AAClasswork/W6D5/cats99_project/app/views":
  app/controllers/cats_controller.rb:4:in `index'

Started POST "/__better_errors/ead85d308d7ce489/variables" for ::1 at 2021-02-05 14:03:48 -0500
  [1m[36mCat Load (0.4ms)[0m  [1m[34mSELECT  "cats".* FROM "cats" LIMIT $1[0m  [["LIMIT", 11]]
  ↳ /Users/lakhteagha/.rbenv/versions/2.5.1/lib/ruby/gems/2.5.0/gems/activerecord-5.2.4.4/lib/active_record/log_subscriber.rb:98
Started POST "/__better_errors/ead85d308d7ce489/eval" for ::1 at 2021-02-05 14:04:14 -0500
  [1m[36mCat Load (0.4ms)[0m  [1m[34mSELECT  "cats".* FROM "cats" LIMIT $1[0m  [["LIMIT", 11]]
  ↳ /Users/lakhteagha/.rbenv/versions/2.5.1/lib/ruby/gems/2.5.0/gems/activerecord-5.2.4.4/lib/active_record/log_subscriber.rb:98
Started GET "/cats" for ::1 at 2021-02-05 14:08:57 -0500
Processing by CatsController#index as HTML
Completed 500 Internal Server Error in 8ms (ActiveRecord: 0.0ms)



ActionView::MissingTemplate - Missing template cats/index, application/index with {:locale=>[:en], :formats=>[:html], :variants=>[], :handlers=>[:raw, :erb, :html, :builder, :ruby, :coffee, :jbuilder]}. Searched in:
  * "/Users/lakhteagha/Desktop/AAClasswork/W6D5/cats99_project/app/views":
  app/controllers/cats_controller.rb:4:in `index'

Started POST "/__better_errors/a006389b16aad1ea/variables" for ::1 at 2021-02-05 14:08:57 -0500
  [1m[36mCat Load (1.2ms)[0m  [1m[34mSELECT  "cats".* FROM "cats" LIMIT $1[0m  [["LIMIT", 11]]
  ↳ /Users/lakhteagha/.rbenv/versions/2.5.1/lib/ruby/gems/2.5.0/gems/activerecord-5.2.4.4/lib/active_record/log_subscriber.rb:98
Started GET "/cats" for ::1 at 2021-02-05 14:09:26 -0500
Processing by CatsController#index as HTML
Completed 500 Internal Server Error in 4ms (ActiveRecord: 0.0ms)



ActionView::MissingTemplate - Missing template cats/index, application/index with {:locale=>[:en], :formats=>[:html], :variants=>[], :handlers=>[:raw, :erb, :html, :builder, :ruby, :coffee, :jbuilder]}. Searched in:
  * "/Users/lakhteagha/Desktop/AAClasswork/W6D5/cats99_project/app/views":
  app/controllers/cats_controller.rb:4:in `index'

Started POST "/__better_errors/3456a67e8ca29a34/variables" for ::1 at 2021-02-05 14:09:27 -0500
  [1m[36mCat Load (0.3ms)[0m  [1m[34mSELECT  "cats".* FROM "cats" LIMIT $1[0m  [["LIMIT", 11]]
  ↳ /Users/lakhteagha/.rbenv/versions/2.5.1/lib/ruby/gems/2.5.0/gems/activerecord-5.2.4.4/lib/active_record/log_subscriber.rb:98
Started GET "/cats" for ::1 at 2021-02-05 14:09:30 -0500
Processing by CatsController#index as HTML
Completed 500 Internal Server Error in 3ms (ActiveRecord: 0.0ms)



ActionView::MissingTemplate - Missing template cats/index, application/index with {:locale=>[:en], :formats=>[:html], :variants=>[], :handlers=>[:raw, :erb, :html, :builder, :ruby, :coffee, :jbuilder]}. Searched in:
  * "/Users/lakhteagha/Desktop/AAClasswork/W6D5/cats99_project/app/views":
  app/controllers/cats_controller.rb:4:in `index'

Started POST "/__better_errors/779ae07ffb57aae7/variables" for ::1 at 2021-02-05 14:09:30 -0500
  [1m[36mCat Load (0.2ms)[0m  [1m[34mSELECT  "cats".* FROM "cats" LIMIT $1[0m  [["LIMIT", 11]]
  ↳ /Users/lakhteagha/.rbenv/versions/2.5.1/lib/ruby/gems/2.5.0/gems/activerecord-5.2.4.4/lib/active_record/log_subscriber.rb:98
Started GET "/cats" for ::1 at 2021-02-05 14:12:27 -0500
Processing by CatsController#index as HTML
  Rendering cats/index.html.erb within layouts/application
  Rendered cats/index.html.erb within layouts/application (11.9ms)
Completed 500 Internal Server Error in 26ms (ActiveRecord: 0.0ms)



SyntaxError - syntax error, unexpected end-of-input, expecting keyword_end
          end
             ^:
  app/views/cats/index.html.erb:13:in `'
  app/controllers/cats_controller.rb:4:in `index'

Started POST "/__better_errors/32cf8c7c67f2ce5e/variables" for ::1 at 2021-02-05 14:12:27 -0500
Started GET "/cats" for ::1 at 2021-02-05 14:12:52 -0500
Processing by CatsController#index as HTML
  Rendering cats/index.html.erb within layouts/application
  [1m[36mCat Load (0.7ms)[0m  [1m[34mSELECT "cats".* FROM "cats"[0m
  ↳ app/views/cats/index.html.erb:4
  Rendered cats/index.html.erb within layouts/application (2.9ms)
Completed 200 OK in 341ms (Views: 339.5ms | ActiveRecord: 0.7ms)


